#
# There is insufficient memory for the Java Runtime Environment to continue.
# Native memory allocation (malloc) failed to allocate 32744 bytes for ChunkPool::allocate
# Possible reasons:
#   The system is out of physical RAM or swap space
#   The process is running with CompressedOops enabled, and the Java Heap may be blocking the growth of the native heap
# Possible solutions:
#   Reduce memory load on the system
#   Increase physical memory or swap space
#   Check if swap backing store is full
#   Decrease Java heap size (-Xmx/-Xms)
#   Decrease number of Java threads
#   Decrease Java thread stack sizes (-Xss)
#   Set larger code cache with -XX:ReservedCodeCacheSize=
#   JVM is running with Unscaled Compressed Oops mode in which the Java heap is
#     placed in the first 4GB address space. The Java Heap base address is the
#     maximum limit for the native heap growth. Please use -XX:HeapBaseMinAddress
#     to set the Java Heap base and to place the Java Heap above 4GB virtual address.
# This output file may be truncated or incomplete.
#
#  Out of Memory Error (./src/hotspot/share/memory/arena.cpp:81), pid=2392, tid=16916
#
# JRE version: OpenJDK Runtime Environment (11.0.12+7) (build 11.0.12+7-b1504.28-7817840)
# Java VM: OpenJDK 64-Bit Server VM (11.0.12+7-b1504.28-7817840, mixed mode, tiered, compressed oops, g1 gc, windows-amd64)
# No core dump will be written. Minidumps are not enabled by default on client versions of Windows
#

---------------  S U M M A R Y ------------

Command Line: --add-opens=java.base/java.util=ALL-UNNAMED --add-opens=java.base/java.lang=ALL-UNNAMED --add-opens=java.base/java.lang.invoke=ALL-UNNAMED --add-opens=java.base/java.util=ALL-UNNAMED --add-opens=java.prefs/java.util.prefs=ALL-UNNAMED --add-opens=java.prefs/java.util.prefs=ALL-UNNAMED --add-opens=java.base/java.nio.charset=ALL-UNNAMED --add-opens=java.base/java.net=ALL-UNNAMED --add-opens=java.base/java.util.concurrent.atomic=ALL-UNNAMED -Xmx2048m -Dfile.encoding=UTF-8 -Duser.country=GB -Duser.language=en -Duser.variant org.gradle.launcher.daemon.bootstrap.GradleDaemon 7.3.3

Host: Intel(R) Celeron(R) CPU  N3060  @ 1.60GHz, 2 cores, 7G,  Windows 10 , 64 bit Build 19041 (10.0.19041.1706)
Time: Sat Jun  4 02:00:26 2022 E. Africa Standard Time elapsed time: 264.641857 seconds (0d 0h 4m 24s)

---------------  T H R E A D  ---------------

Current thread (0x000002047edf7000):  JavaThread "C2 CompilerThread0" daemon [_thread_in_native, id=16916, stack(0x000000b908000000,0x000000b908100000)]


Current CompileTask:
C2: 264642 7278       4       sun.reflect.generics.parser.SignatureParser::parsePackageNameAndSimpleClassTypeSignature (119 bytes)

Stack: [0x000000b908000000,0x000000b908100000]
Native frames: (J=compiled Java code, j=interpreted, Vv=VM code, C=native code)
V  [jvm.dll+0x5fbcea]
V  [jvm.dll+0x731905]
V  [jvm.dll+0x732f1d]
V  [jvm.dll+0x7335d3]
V  [jvm.dll+0x247bf8]
V  [jvm.dll+0xc041b]
V  [jvm.dll+0xc06cc]
V  [jvm.dll+0x360c46]
V  [jvm.dll+0x3604c1]
V  [jvm.dll+0x360504]
V  [jvm.dll+0x4f508e]
V  [jvm.dll+0x4f596b]
V  [jvm.dll+0x328832]
V  [jvm.dll+0x327cfa]
V  [jvm.dll+0x200602]
V  [jvm.dll+0x1ff794]
V  [jvm.dll+0x18868c]
V  [jvm.dll+0x20e0d7]
V  [jvm.dll+0x20c901]
V  [jvm.dll+0x6f9b7f]
V  [jvm.dll+0x6f26a5]
V  [jvm.dll+0x5fabf6]
C  [ucrtbase.dll+0x21bb2]
C  [KERNEL32.DLL+0x17034]
C  [ntdll.dll+0x52651]


---------------  P R O C E S S  ---------------

Threads class SMR info:
_java_thread_list=0x0000020416f3ef20, length=55, elements={
0x00000204766c7800, 0x000002047edd5800, 0x000002047edd6800, 0x000002047f773800,
0x000002047edf1800, 0x000002047edf3800, 0x000002047edf7000, 0x000002047edfa000,
0x000002047edfd800, 0x000002047f830800, 0x00000204141ff000, 0x00000204130c5800,
0x0000020414a38800, 0x00000204130e6800, 0x000002047facd800, 0x000002047face800,
0x000002047fa33800, 0x0000020413061800, 0x0000020414b55000, 0x0000020414b54000,
0x0000020414b56000, 0x0000020414b50000, 0x0000020414b51000, 0x0000020414b52800,
0x0000020414b52000, 0x0000020414b53800, 0x00000204156f4000, 0x00000204156ef000,
0x00000204156f3000, 0x00000204156f1800, 0x00000204156f0000, 0x00000204156f5000,
0x00000204156f2800, 0x00000204156f6800, 0x00000204156f0800, 0x00000204156f9800,
0x00000204156fd000, 0x00000204156fb800, 0x00000204156f7000, 0x00000204156fc000,
0x00000204156f8000, 0x00000204156fa800, 0x00000204156f9000, 0x0000020414b56800,
0x000002041688c800, 0x000002041688a000, 0x000002041688b800, 0x000002041688d800,
0x000002041688e000, 0x000002041688f000, 0x000002041688b000, 0x0000020416889000,
0x0000020416890800, 0x000002041688f800, 0x0000020416894800
}

Java Threads: ( => current thread )
  0x00000204766c7800 JavaThread "main" [_thread_blocked, id=16828, stack(0x000000b907400000,0x000000b907500000)]
  0x000002047edd5800 JavaThread "Reference Handler" daemon [_thread_blocked, id=6660, stack(0x000000b907b00000,0x000000b907c00000)]
  0x000002047edd6800 JavaThread "Finalizer" daemon [_thread_blocked, id=8092, stack(0x000000b907c00000,0x000000b907d00000)]
  0x000002047f773800 JavaThread "Signal Dispatcher" daemon [_thread_blocked, id=17144, stack(0x000000b907d00000,0x000000b907e00000)]
  0x000002047edf1800 JavaThread "Attach Listener" daemon [_thread_blocked, id=10236, stack(0x000000b907e00000,0x000000b907f00000)]
  0x000002047edf3800 JavaThread "Service Thread" daemon [_thread_blocked, id=3596, stack(0x000000b907f00000,0x000000b908000000)]
=>0x000002047edf7000 JavaThread "C2 CompilerThread0" daemon [_thread_in_native, id=16916, stack(0x000000b908000000,0x000000b908100000)]
  0x000002047edfa000 JavaThread "C1 CompilerThread0" daemon [_thread_blocked, id=12636, stack(0x000000b908100000,0x000000b908200000)]
  0x000002047edfd800 JavaThread "Sweeper thread" daemon [_thread_blocked, id=2200, stack(0x000000b908200000,0x000000b908300000)]
  0x000002047f830800 JavaThread "Common-Cleaner" daemon [_thread_blocked, id=11636, stack(0x000000b908300000,0x000000b908400000)]
  0x00000204141ff000 JavaThread "Daemon health stats" [_thread_blocked, id=14572, stack(0x000000b907200000,0x000000b907300000)]
  0x00000204130c5800 JavaThread "Incoming local TCP Connector on port 7830" [_thread_in_native, id=12388, stack(0x000000b908800000,0x000000b908900000)]
  0x0000020414a38800 JavaThread "Daemon" [_thread_blocked, id=17188, stack(0x000000b908900000,0x000000b908a00000)]
  0x00000204130e6800 JavaThread "Daemon periodic checks" [_thread_blocked, id=14160, stack(0x000000b908a00000,0x000000b908b00000)]
  0x000002047facd800 JavaThread "Handler for socket connection from /127.0.0.1:7830 to /127.0.0.1:7832" [_thread_in_native, id=3064, stack(0x000000b908b00000,0x000000b908c00000)]
  0x000002047face800 JavaThread "Cancel handler" [_thread_blocked, id=8556, stack(0x000000b908c00000,0x000000b908d00000)]
  0x000002047fa33800 JavaThread "Daemon worker" [_thread_in_Java, id=16776, stack(0x000000b908d00000,0x000000b908e00000)]
  0x0000020413061800 JavaThread "Asynchronous log dispatcher for DefaultDaemonConnection: socket connection from /127.0.0.1:7830 to /127.0.0.1:7832" [_thread_blocked, id=10596, stack(0x000000b908e00000,0x000000b908f00000)]
  0x0000020414b55000 JavaThread "Daemon client event forwarder" [_thread_blocked, id=15876, stack(0x000000b909000000,0x000000b909100000)]
  0x0000020414b54000 JavaThread "Cache worker for journal cache (C:\Users\panta\.gradle\caches\journal-1)" [_thread_blocked, id=6432, stack(0x000000b909100000,0x000000b909200000)]
  0x0000020414b56000 JavaThread "File lock request listener" [_thread_in_native, id=15320, stack(0x000000b909200000,0x000000b909300000)]
  0x0000020414b50000 JavaThread "Cache worker for file hash cache (C:\Users\panta\.gradle\caches\7.3.3\fileHashes)" [_thread_blocked, id=6024, stack(0x000000b909300000,0x000000b909400000)]
  0x0000020414b51000 JavaThread "Cache worker for file hash cache (C:\Users\panta\IdeaProjects\Igoji\.gradle\7.3.3\fileHashes)" [_thread_blocked, id=4908, stack(0x000000b909500000,0x000000b909600000)]
  0x0000020414b52800 JavaThread "File watcher server" daemon [_thread_in_native, id=2172, stack(0x000000b909600000,0x000000b909700000)]
  0x0000020414b52000 JavaThread "File watcher consumer" daemon [_thread_blocked, id=6876, stack(0x000000b909700000,0x000000b909800000)]
  0x0000020414b53800 JavaThread "jar transforms" [_thread_blocked, id=15776, stack(0x000000b909800000,0x000000b909900000)]
  0x00000204156f4000 JavaThread "jar transforms Thread 2" [_thread_blocked, id=3376, stack(0x000000b909900000,0x000000b909a00000)]
  0x00000204156ef000 JavaThread "Cache worker for checksums cache (C:\Users\panta\IdeaProjects\Igoji\.gradle\7.3.3\checksums)" [_thread_blocked, id=16804, stack(0x000000b909a00000,0x000000b909b00000)]
  0x00000204156f3000 JavaThread "Cache worker for cache directory md-supplier (C:\Users\panta\.gradle\caches\7.3.3\md-supplier)" [_thread_blocked, id=228, stack(0x000000b909b00000,0x000000b909c00000)]
  0x00000204156f1800 JavaThread "Cache worker for cache directory md-rule (C:\Users\panta\.gradle\caches\7.3.3\md-rule)" [_thread_blocked, id=13584, stack(0x000000b909c00000,0x000000b909d00000)]
  0x00000204156f0000 JavaThread "Cache worker for execution history cache (C:\Users\panta\.gradle\caches\7.3.3\executionHistory)" [_thread_blocked, id=13576, stack(0x000000b909d00000,0x000000b909e00000)]
  0x00000204156f5000 JavaThread "Cache worker for file content cache (C:\Users\panta\.gradle\caches\7.3.3\fileContent)" [_thread_blocked, id=15032, stack(0x000000b908600000,0x000000b908700000)]
  0x00000204156f2800 JavaThread "Cache worker for dependencies-accessors (C:\Users\panta\IdeaProjects\Igoji\.gradle\7.3.3\dependencies-accessors)" [_thread_blocked, id=9896, stack(0x000000b908700000,0x000000b908800000)]
  0x00000204156f6800 JavaThread "Cache worker for Build Output Cleanup Cache (C:\Users\panta\IdeaProjects\Igoji\.gradle\buildOutputCleanup)" [_thread_blocked, id=4376, stack(0x000000b908f00000,0x000000b909000000)]
  0x00000204156f0800 JavaThread "Unconstrained build operations" [_thread_blocked, id=4572, stack(0x000000b909400000,0x000000b909500000)]
  0x00000204156f9800 JavaThread "Unconstrained build operations Thread 2" [_thread_blocked, id=11632, stack(0x000000b90a000000,0x000000b90a100000)]
  0x00000204156fd000 JavaThread "Unconstrained build operations Thread 3" [_thread_blocked, id=6840, stack(0x000000b90a100000,0x000000b90a200000)]
  0x00000204156fb800 JavaThread "Unconstrained build operations Thread 4" [_thread_blocked, id=13988, stack(0x000000b90a200000,0x000000b90a300000)]
  0x00000204156f7000 JavaThread "Unconstrained build operations Thread 5" [_thread_blocked, id=12248, stack(0x000000b90a300000,0x000000b90a400000)]
  0x00000204156fc000 JavaThread "Unconstrained build operations Thread 6" [_thread_blocked, id=10680, stack(0x000000b90a400000,0x000000b90a500000)]
  0x00000204156f8000 JavaThread "Unconstrained build operations Thread 7" [_thread_blocked, id=14020, stack(0x000000b90a500000,0x000000b90a600000)]
  0x00000204156fa800 JavaThread "Unconstrained build operations Thread 8" [_thread_blocked, id=8524, stack(0x000000b90a600000,0x000000b90a700000)]
  0x00000204156f9000 JavaThread "Unconstrained build operations Thread 9" [_thread_blocked, id=15244, stack(0x000000b90a700000,0x000000b90a800000)]
  0x0000020414b56800 JavaThread "Unconstrained build operations Thread 10" [_thread_blocked, id=8292, stack(0x000000b90a800000,0x000000b90a900000)]
  0x000002041688c800 JavaThread "Unconstrained build operations Thread 11" [_thread_blocked, id=6752, stack(0x000000b90a900000,0x000000b90aa00000)]
  0x000002041688a000 JavaThread "Unconstrained build operations Thread 12" [_thread_blocked, id=11612, stack(0x000000b90aa00000,0x000000b90ab00000)]
  0x000002041688b800 JavaThread "Unconstrained build operations Thread 13" [_thread_blocked, id=15260, stack(0x000000b90ab00000,0x000000b90ac00000)]
  0x000002041688d800 JavaThread "Unconstrained build operations Thread 14" [_thread_blocked, id=13660, stack(0x000000b90ac00000,0x000000b90ad00000)]
  0x000002041688e000 JavaThread "Unconstrained build operations Thread 15" [_thread_blocked, id=12728, stack(0x000000b90ad00000,0x000000b90ae00000)]
  0x000002041688f000 JavaThread "Unconstrained build operations Thread 16" [_thread_blocked, id=14452, stack(0x000000b90ae00000,0x000000b90af00000)]
  0x000002041688b000 JavaThread "Unconstrained build operations Thread 17" [_thread_blocked, id=1284, stack(0x000000b90af00000,0x000000b90b000000)]
  0x0000020416889000 JavaThread "Unconstrained build operations Thread 18" [_thread_blocked, id=17136, stack(0x000000b90b000000,0x000000b90b100000)]
  0x0000020416890800 JavaThread "Unconstrained build operations Thread 19" [_thread_blocked, id=10480, stack(0x000000b90b100000,0x000000b90b200000)]
  0x000002041688f800 JavaThread "Unconstrained build operations Thread 20" [_thread_blocked, id=816, stack(0x000000b90b200000,0x000000b90b300000)]
  0x0000020416894800 JavaThread "Memory manager" [_thread_blocked, id=3812, stack(0x000000b909e00000,0x000000b909f00000)]

Other Threads:
  0x000002047edcc800 VMThread "VM Thread" [stack: 0x000000b907a00000,0x000000b907b00000] [id=11332]
  0x000002047f8de800 WatcherThread [stack: 0x000000b908400000,0x000000b908500000] [id=10724]
  0x00000204766e2000 GCTaskThread "GC Thread#0" [stack: 0x000000b907500000,0x000000b907600000] [id=5724]
  0x000002047f98d000 GCTaskThread "GC Thread#1" [stack: 0x000000b908500000,0x000000b908600000] [id=11980]
  0x0000020476713800 ConcurrentGCThread "G1 Main Marker" [stack: 0x000000b907600000,0x000000b907700000] [id=10540]
  0x0000020476714800 ConcurrentGCThread "G1 Conc#0" [stack: 0x000000b907700000,0x000000b907800000] [id=14176]
  0x000002047679d000 ConcurrentGCThread "G1 Refine#0" [stack: 0x000000b907800000,0x000000b907900000] [id=8088]
  0x000002047fa79800 ConcurrentGCThread "G1 Refine#1" [stack: 0x000000b907300000,0x000000b907400000] [id=14104]
  0x000002047679e000 ConcurrentGCThread "G1 Young RemSet Sampling" [stack: 0x000000b907900000,0x000000b907a00000] [id=9696]

Threads with active compile tasks:
C2 CompilerThread0 265161 7278       4       sun.reflect.generics.parser.SignatureParser::parsePackageNameAndSimpleClassTypeSignature (119 bytes)

VM state:not at safepoint (normal execution)

VM Mutex/Monitor currently owned by a thread: None

Heap address: 0x0000000080000000, size: 2048 MB, Compressed Oops mode: 32-bit
Narrow klass base: 0x0000000000000000, Narrow klass shift: 3
Compressed class space size: 1073741824 Address: 0x0000000100000000

Heap:
 garbage-first heap   total 131072K, used 83536K [0x0000000080000000, 0x0000000100000000)
  region size 1024K, 13 young (13312K), 5 survivors (5120K)
 Metaspace       used 69895K, capacity 71630K, committed 71808K, reserved 1112064K
  class space    used 8959K, capacity 9580K, committed 9600K, reserved 1048576K
Heap Regions: E=young(eden), S=young(survivor), O=old, HS=humongous(starts), HC=humongous(continues), CS=collection set, F=free, A=archive, TAMS=top-at-mark-start (previous, next)
|   0|0x0000000080000000, 0x0000000080100000, 0x0000000080100000|100%| O|  |TAMS 0x0000000080100000, 0x0000000080000000| Untracked 
|   1|0x0000000080100000, 0x0000000080200000, 0x0000000080200000|100%| O|  |TAMS 0x0000000080200000, 0x0000000080100000| Untracked 
|   2|0x0000000080200000, 0x0000000080300000, 0x0000000080300000|100%| O|  |TAMS 0x0000000080300000, 0x0000000080200000| Untracked 
|   3|0x0000000080300000, 0x0000000080400000, 0x0000000080400000|100%| O|  |TAMS 0x0000000080400000, 0x0000000080300000| Untracked 
|   4|0x0000000080400000, 0x0000000080500000, 0x0000000080500000|100%|HS|  |TAMS 0x0000000080500000, 0x0000000080400000| Complete 
|   5|0x0000000080500000, 0x0000000080600000, 0x0000000080600000|100%|HC|  |TAMS 0x0000000080600000, 0x0000000080500000| Complete 
|   6|0x0000000080600000, 0x0000000080700000, 0x0000000080700000|100%|HC|  |TAMS 0x0000000080700000, 0x0000000080600000| Complete 
|   7|0x0000000080700000, 0x0000000080800000, 0x0000000080800000|100%| O|  |TAMS 0x0000000080800000, 0x0000000080700000| Untracked 
|   8|0x0000000080800000, 0x0000000080900000, 0x0000000080900000|100%| O|  |TAMS 0x0000000080900000, 0x0000000080800000| Untracked 
|   9|0x0000000080900000, 0x0000000080a00000, 0x0000000080a00000|100%| O|  |TAMS 0x0000000080a00000, 0x0000000080900000| Untracked 
|  10|0x0000000080a00000, 0x0000000080b00000, 0x0000000080b00000|100%| O|  |TAMS 0x0000000080b00000, 0x0000000080a00000| Untracked 
|  11|0x0000000080b00000, 0x0000000080c00000, 0x0000000080c00000|100%| O|  |TAMS 0x0000000080c00000, 0x0000000080b00000| Untracked 
|  12|0x0000000080c00000, 0x0000000080d00000, 0x0000000080d00000|100%| O|  |TAMS 0x0000000080d00000, 0x0000000080c00000| Untracked 
|  13|0x0000000080d00000, 0x0000000080e00000, 0x0000000080e00000|100%| O|  |TAMS 0x0000000080e00000, 0x0000000080d00000| Untracked 
|  14|0x0000000080e00000, 0x0000000080f00000, 0x0000000080f00000|100%| O|  |TAMS 0x0000000080f00000, 0x0000000080e00000| Untracked 
|  15|0x0000000080f00000, 0x0000000081000000, 0x0000000081000000|100%|HS|  |TAMS 0x0000000081000000, 0x0000000080f00000| Complete 
|  16|0x0000000081000000, 0x0000000081100000, 0x0000000081100000|100%|HC|  |TAMS 0x0000000081100000, 0x0000000081000000| Complete 
|  17|0x0000000081100000, 0x0000000081200000, 0x0000000081200000|100%|HS|  |TAMS 0x0000000081200000, 0x0000000081100000| Complete 
|  18|0x0000000081200000, 0x0000000081300000, 0x0000000081300000|100%|HC|  |TAMS 0x0000000081300000, 0x0000000081200000| Complete 
|  19|0x0000000081300000, 0x0000000081400000, 0x0000000081400000|100%|HC|  |TAMS 0x0000000081400000, 0x0000000081300000| Complete 
|  20|0x0000000081400000, 0x0000000081500000, 0x0000000081500000|100%|HS|  |TAMS 0x0000000081500000, 0x0000000081400000| Complete 
|  21|0x0000000081500000, 0x0000000081600000, 0x0000000081600000|100%|HS|  |TAMS 0x0000000081600000, 0x0000000081500000| Complete 
|  22|0x0000000081600000, 0x0000000081700000, 0x0000000081700000|100%|HC|  |TAMS 0x0000000081700000, 0x0000000081600000| Complete 
|  23|0x0000000081700000, 0x0000000081800000, 0x0000000081800000|100%|HC|  |TAMS 0x0000000081800000, 0x0000000081700000| Complete 
|  24|0x0000000081800000, 0x0000000081900000, 0x0000000081900000|100%|HC|  |TAMS 0x0000000081900000, 0x0000000081800000| Complete 
|  25|0x0000000081900000, 0x0000000081a00000, 0x0000000081a00000|100%| O|  |TAMS 0x0000000081a00000, 0x0000000081900000| Untracked 
|  26|0x0000000081a00000, 0x0000000081b00000, 0x0000000081b00000|100%| O|  |TAMS 0x0000000081b00000, 0x0000000081a00000| Untracked 
|  27|0x0000000081b00000, 0x0000000081c00000, 0x0000000081c00000|100%| O|  |TAMS 0x0000000081c00000, 0x0000000081b00000| Untracked 
|  28|0x0000000081c00000, 0x0000000081d00000, 0x0000000081d00000|100%| O|  |TAMS 0x0000000081d00000, 0x0000000081c00000| Untracked 
|  29|0x0000000081d00000, 0x0000000081e00000, 0x0000000081e00000|100%| O|  |TAMS 0x0000000081e00000, 0x0000000081d00000| Untracked 
|  30|0x0000000081e00000, 0x0000000081f00000, 0x0000000081f00000|100%| O|  |TAMS 0x0000000081f00000, 0x0000000081e00000| Untracked 
|  31|0x0000000081f00000, 0x0000000082000000, 0x0000000082000000|100%| O|  |TAMS 0x0000000082000000, 0x0000000081f00000| Untracked 
|  32|0x0000000082000000, 0x0000000082100000, 0x0000000082100000|100%|HS|  |TAMS 0x0000000082100000, 0x0000000082000000| Complete 
|  33|0x0000000082100000, 0x0000000082200000, 0x0000000082200000|100%|HC|  |TAMS 0x0000000082200000, 0x0000000082100000| Complete 
|  34|0x0000000082200000, 0x0000000082300000, 0x0000000082300000|100%|HC|  |TAMS 0x0000000082300000, 0x0000000082200000| Complete 
|  35|0x0000000082300000, 0x0000000082400000, 0x0000000082400000|100%|HS|  |TAMS 0x0000000082400000, 0x0000000082300000| Complete 
|  36|0x0000000082400000, 0x0000000082500000, 0x0000000082500000|100%| O|  |TAMS 0x0000000082500000, 0x0000000082400000| Untracked 
|  37|0x0000000082500000, 0x0000000082600000, 0x0000000082600000|100%| O|  |TAMS 0x0000000082600000, 0x0000000082500000| Untracked 
|  38|0x0000000082600000, 0x0000000082700000, 0x0000000082700000|100%| O|  |TAMS 0x0000000082700000, 0x0000000082600000| Untracked 
|  39|0x0000000082700000, 0x0000000082800000, 0x0000000082800000|100%| O|  |TAMS 0x0000000082800000, 0x0000000082700000| Untracked 
|  40|0x0000000082800000, 0x0000000082900000, 0x0000000082900000|100%| O|  |TAMS 0x0000000082900000, 0x0000000082800000| Untracked 
|  41|0x0000000082900000, 0x0000000082a00000, 0x0000000082a00000|100%| O|  |TAMS 0x0000000082a00000, 0x0000000082900000| Untracked 
|  42|0x0000000082a00000, 0x0000000082b00000, 0x0000000082b00000|100%| O|  |TAMS 0x0000000082b00000, 0x0000000082a00000| Untracked 
|  43|0x0000000082b00000, 0x0000000082c00000, 0x0000000082c00000|100%|HS|  |TAMS 0x0000000082c00000, 0x0000000082b00000| Complete 
|  44|0x0000000082c00000, 0x0000000082d00000, 0x0000000082d00000|100%|HC|  |TAMS 0x0000000082d00000, 0x0000000082c00000| Complete 
|  45|0x0000000082d00000, 0x0000000082e00000, 0x0000000082e00000|100%|HC|  |TAMS 0x0000000082e00000, 0x0000000082d00000| Complete 
|  46|0x0000000082e00000, 0x0000000082f00000, 0x0000000082f00000|100%|HC|  |TAMS 0x0000000082f00000, 0x0000000082e00000| Complete 
|  47|0x0000000082f00000, 0x0000000083000000, 0x0000000083000000|100%| O|  |TAMS 0x0000000083000000, 0x0000000082f00000| Untracked 
|  48|0x0000000083000000, 0x0000000083100000, 0x0000000083100000|100%| O|  |TAMS 0x0000000083100000, 0x0000000083000000| Untracked 
|  49|0x0000000083100000, 0x0000000083200000, 0x0000000083200000|100%| O|  |TAMS 0x0000000083200000, 0x0000000083100000| Untracked 
|  50|0x0000000083200000, 0x0000000083300000, 0x0000000083300000|100%|HS|  |TAMS 0x0000000083300000, 0x0000000083200000| Complete 
|  51|0x0000000083300000, 0x0000000083400000, 0x0000000083400000|100%|HS|  |TAMS 0x0000000083400000, 0x0000000083300000| Complete 
|  52|0x0000000083400000, 0x0000000083500000, 0x0000000083500000|100%|HS|  |TAMS 0x0000000083500000, 0x0000000083400000| Complete 
|  53|0x0000000083500000, 0x0000000083600000, 0x0000000083600000|100%|HC|  |TAMS 0x0000000083600000, 0x0000000083500000| Complete 
|  54|0x0000000083600000, 0x0000000083700000, 0x0000000083700000|100%| O|  |TAMS 0x0000000083700000, 0x0000000083600000| Untracked 
|  55|0x0000000083700000, 0x0000000083800000, 0x0000000083800000|100%| O|  |TAMS 0x0000000083800000, 0x0000000083700000| Untracked 
|  56|0x0000000083800000, 0x0000000083900000, 0x0000000083900000|100%| O|  |TAMS 0x0000000083900000, 0x0000000083800000| Untracked 
|  57|0x0000000083900000, 0x0000000083a00000, 0x0000000083a00000|100%| O|  |TAMS 0x0000000083a00000, 0x0000000083900000| Untracked 
|  58|0x0000000083a00000, 0x0000000083b00000, 0x0000000083b00000|100%| O|  |TAMS 0x0000000083b00000, 0x0000000083a00000| Untracked 
|  59|0x0000000083b00000, 0x0000000083c00000, 0x0000000083c00000|100%| O|  |TAMS 0x0000000083c00000, 0x0000000083b00000| Untracked 
|  60|0x0000000083c00000, 0x0000000083d00000, 0x0000000083d00000|100%| O|  |TAMS 0x0000000083d00000, 0x0000000083c00000| Untracked 
|  61|0x0000000083d00000, 0x0000000083e00000, 0x0000000083e00000|100%| O|  |TAMS 0x0000000083e00000, 0x0000000083d00000| Untracked 
|  62|0x0000000083e00000, 0x0000000083f00000, 0x0000000083f00000|100%| O|  |TAMS 0x0000000083f00000, 0x0000000083e00000| Untracked 
|  63|0x0000000083f00000, 0x0000000084000000, 0x0000000084000000|100%| O|  |TAMS 0x0000000084000000, 0x0000000083f00000| Untracked 
|  64|0x0000000084000000, 0x0000000084100000, 0x0000000084100000|100%| O|  |TAMS 0x0000000084100000, 0x0000000084000000| Untracked 
|  65|0x0000000084100000, 0x0000000084200000, 0x0000000084200000|100%| O|  |TAMS 0x0000000084200000, 0x0000000084100000| Untracked 
|  66|0x0000000084200000, 0x0000000084300000, 0x0000000084300000|100%| O|  |TAMS 0x0000000084300000, 0x0000000084200000| Untracked 
|  67|0x0000000084300000, 0x0000000084400000, 0x0000000084400000|100%| O|  |TAMS 0x0000000084400000, 0x0000000084300000| Untracked 
|  68|0x0000000084400000, 0x0000000084500000, 0x0000000084500000|100%| O|  |TAMS 0x0000000084444800, 0x0000000084400000| Untracked 
|  69|0x0000000084500000, 0x0000000084600000, 0x0000000084600000|100%| O|  |TAMS 0x0000000084500000, 0x0000000084500000| Untracked 
|  70|0x0000000084600000, 0x0000000084600000, 0x0000000084700000|  0%| F|  |TAMS 0x0000000084600000, 0x0000000084600000| Untracked 
|  71|0x0000000084700000, 0x0000000084700000, 0x0000000084800000|  0%| F|  |TAMS 0x0000000084700000, 0x0000000084700000| Untracked 
|  72|0x0000000084800000, 0x0000000084800000, 0x0000000084900000|  0%| F|  |TAMS 0x0000000084800000, 0x0000000084800000| Untracked 
|  73|0x0000000084900000, 0x0000000084900000, 0x0000000084a00000|  0%| F|  |TAMS 0x0000000084900000, 0x0000000084900000| Untracked 
|  74|0x0000000084a00000, 0x0000000084a00000, 0x0000000084b00000|  0%| F|  |TAMS 0x0000000084a00000, 0x0000000084a00000| Untracked 
|  75|0x0000000084b00000, 0x0000000084b00000, 0x0000000084c00000|  0%| F|  |TAMS 0x0000000084b00000, 0x0000000084b00000| Untracked 
|  76|0x0000000084c00000, 0x0000000084c00000, 0x0000000084d00000|  0%| F|  |TAMS 0x0000000084c00000, 0x0000000084c00000| Untracked 
|  77|0x0000000084d00000, 0x0000000084d00000, 0x0000000084e00000|  0%| F|  |TAMS 0x0000000084d00000, 0x0000000084d00000| Untracked 
|  78|0x0000000084e00000, 0x0000000084e00000, 0x0000000084f00000|  0%| F|  |TAMS 0x0000000084e00000, 0x0000000084e00000| Untracked 
|  79|0x0000000084f00000, 0x0000000084f00000, 0x0000000085000000|  0%| F|  |TAMS 0x0000000084f00000, 0x0000000084f00000| Untracked 
|  80|0x0000000085000000, 0x0000000085000000, 0x0000000085100000|  0%| F|  |TAMS 0x0000000085000000, 0x0000000085000000| Untracked 
|  81|0x0000000085100000, 0x0000000085100000, 0x0000000085200000|  0%| F|  |TAMS 0x0000000085100000, 0x0000000085100000| Untracked 
|  82|0x0000000085200000, 0x0000000085200000, 0x0000000085300000|  0%| F|  |TAMS 0x0000000085200000, 0x0000000085200000| Untracked 
|  83|0x0000000085300000, 0x0000000085300000, 0x0000000085400000|  0%| F|  |TAMS 0x0000000085300000, 0x0000000085300000| Untracked 
|  84|0x0000000085400000, 0x0000000085400000, 0x0000000085500000|  0%| F|  |TAMS 0x0000000085400000, 0x0000000085400000| Untracked 
|  85|0x0000000085500000, 0x0000000085500000, 0x0000000085600000|  0%| F|  |TAMS 0x0000000085500000, 0x0000000085500000| Untracked 
|  86|0x0000000085600000, 0x00000000856940f0, 0x0000000085700000| 57%| S|CS|TAMS 0x0000000085600000, 0x0000000085600000| Complete 
|  87|0x0000000085700000, 0x0000000085700000, 0x0000000085800000|  0%| F|  |TAMS 0x0000000085700000, 0x0000000085700000| Untracked 
|  88|0x0000000085800000, 0x0000000085900000, 0x0000000085900000|100%| S|CS|TAMS 0x0000000085800000, 0x0000000085800000| Complete 
|  89|0x0000000085900000, 0x0000000085a00000, 0x0000000085a00000|100%| S|CS|TAMS 0x0000000085900000, 0x0000000085900000| Complete 
|  90|0x0000000085a00000, 0x0000000085b00000, 0x0000000085b00000|100%| S|CS|TAMS 0x0000000085a00000, 0x0000000085a00000| Complete 
|  91|0x0000000085b00000, 0x0000000085c00000, 0x0000000085c00000|100%| S|CS|TAMS 0x0000000085b00000, 0x0000000085b00000| Complete 
|  92|0x0000000085c00000, 0x0000000085c00000, 0x0000000085d00000|  0%| F|  |TAMS 0x0000000085c00000, 0x0000000085c00000| Untracked 
|  93|0x0000000085d00000, 0x0000000085d00000, 0x0000000085e00000|  0%| F|  |TAMS 0x0000000085d00000, 0x0000000085d00000| Untracked 
|  94|0x0000000085e00000, 0x0000000085e00000, 0x0000000085f00000|  0%| F|  |TAMS 0x0000000085e00000, 0x0000000085e00000| Untracked 
|  95|0x0000000085f00000, 0x0000000085f00000, 0x0000000086000000|  0%| F|  |TAMS 0x0000000085f00000, 0x0000000085f00000| Untracked 
|  96|0x0000000086000000, 0x0000000086000000, 0x0000000086100000|  0%| F|  |TAMS 0x0000000086000000, 0x0000000086000000| Untracked 
|  97|0x0000000086100000, 0x0000000086100000, 0x0000000086200000|  0%| F|  |TAMS 0x0000000086100000, 0x0000000086100000| Untracked 
|  98|0x0000000086200000, 0x0000000086200000, 0x0000000086300000|  0%| F|  |TAMS 0x0000000086200000, 0x0000000086200000| Untracked 
|  99|0x0000000086300000, 0x0000000086300000, 0x0000000086400000|  0%| F|  |TAMS 0x0000000086300000, 0x0000000086300000| Untracked 
| 100|0x0000000086400000, 0x0000000086400000, 0x0000000086500000|  0%| F|  |TAMS 0x0000000086400000, 0x0000000086400000| Untracked 
| 101|0x0000000086500000, 0x0000000086500000, 0x0000000086600000|  0%| F|  |TAMS 0x0000000086500000, 0x0000000086500000| Untracked 
| 102|0x0000000086600000, 0x0000000086600000, 0x0000000086700000|  0%| F|  |TAMS 0x0000000086600000, 0x0000000086600000| Untracked 
| 103|0x0000000086700000, 0x0000000086700000, 0x0000000086800000|  0%| F|  |TAMS 0x0000000086700000, 0x0000000086700000| Untracked 
| 104|0x0000000086800000, 0x0000000086800000, 0x0000000086900000|  0%| F|  |TAMS 0x0000000086800000, 0x0000000086800000| Untracked 
| 105|0x0000000086900000, 0x0000000086900000, 0x0000000086a00000|  0%| F|  |TAMS 0x0000000086900000, 0x0000000086900000| Untracked 
| 106|0x0000000086a00000, 0x0000000086a00000, 0x0000000086b00000|  0%| F|  |TAMS 0x0000000086a00000, 0x0000000086a00000| Untracked 
| 107|0x0000000086b00000, 0x0000000086b00000, 0x0000000086c00000|  0%| F|  |TAMS 0x0000000086b00000, 0x0000000086b00000| Untracked 
| 108|0x0000000086c00000, 0x0000000086c00000, 0x0000000086d00000|  0%| F|  |TAMS 0x0000000086c00000, 0x0000000086c00000| Untracked 
| 109|0x0000000086d00000, 0x0000000086d00000, 0x0000000086e00000|  0%| F|  |TAMS 0x0000000086d00000, 0x0000000086d00000| Untracked 
| 110|0x0000000086e00000, 0x0000000086e00000, 0x0000000086f00000|  0%| F|  |TAMS 0x0000000086e00000, 0x0000000086e00000| Untracked 
| 111|0x0000000086f00000, 0x0000000086f00000, 0x0000000087000000|  0%| F|  |TAMS 0x0000000086f00000, 0x0000000086f00000| Untracked 
| 112|0x0000000087000000, 0x0000000087000000, 0x0000000087100000|  0%| F|  |TAMS 0x0000000087000000, 0x0000000087000000| Untracked 
| 113|0x0000000087100000, 0x0000000087100000, 0x0000000087200000|  0%| F|  |TAMS 0x0000000087100000, 0x0000000087100000| Untracked 
| 114|0x0000000087200000, 0x0000000087200000, 0x0000000087300000|  0%| F|  |TAMS 0x0000000087200000, 0x0000000087200000| Untracked 
| 115|0x0000000087300000, 0x0000000087300000, 0x0000000087400000|  0%| F|  |TAMS 0x0000000087300000, 0x0000000087300000| Untracked 
| 116|0x0000000087400000, 0x0000000087400000, 0x0000000087500000|  0%| F|  |TAMS 0x0000000087400000, 0x0000000087400000| Untracked 
| 117|0x0000000087500000, 0x0000000087500000, 0x0000000087600000|  0%| F|  |TAMS 0x0000000087500000, 0x0000000087500000| Untracked 
| 118|0x0000000087600000, 0x0000000087600000, 0x0000000087700000|  0%| F|  |TAMS 0x0000000087600000, 0x0000000087600000| Untracked 
| 119|0x0000000087700000, 0x0000000087700000, 0x0000000087800000|  0%| F|  |TAMS 0x0000000087700000, 0x0000000087700000| Untracked 
| 120|0x0000000087800000, 0x0000000087900000, 0x0000000087900000|100%| E|  |TAMS 0x0000000087800000, 0x0000000087800000| Complete 
| 121|0x0000000087900000, 0x0000000087a00000, 0x0000000087a00000|100%| E|CS|TAMS 0x0000000087900000, 0x0000000087900000| Complete 
| 122|0x0000000087a00000, 0x0000000087b00000, 0x0000000087b00000|100%| E|CS|TAMS 0x0000000087a00000, 0x0000000087a00000| Complete 
| 123|0x0000000087b00000, 0x0000000087c00000, 0x0000000087c00000|100%| E|CS|TAMS 0x0000000087b00000, 0x0000000087b00000| Complete 
| 124|0x0000000087c00000, 0x0000000087d00000, 0x0000000087d00000|100%| E|CS|TAMS 0x0000000087c00000, 0x0000000087c00000| Complete 
| 125|0x0000000087d00000, 0x0000000087e00000, 0x0000000087e00000|100%| E|CS|TAMS 0x0000000087d00000, 0x0000000087d00000| Complete 
| 126|0x0000000087e00000, 0x0000000087f00000, 0x0000000087f00000|100%| E|CS|TAMS 0x0000000087e00000, 0x0000000087e00000| Complete 
| 127|0x0000000087f00000, 0x0000000088000000, 0x0000000088000000|100%| E|CS|TAMS 0x0000000087f00000, 0x0000000087f00000| Complete 

Card table byte_map: [0x000002047c210000,0x000002047c610000] _byte_map_base: 0x000002047be10000

Marking Bits (Prev, Next): (CMBitMap*) 0x000002047670a8f8, (CMBitMap*) 0x000002047670a930
 Prev Bits: [0x000002047ca10000, 0x000002047ea10000)
 Next Bits: [0x000002040f000000, 0x0000020411000000)

Polling page: 0x0000020476570000

Metaspace:

Usage:
  Non-class:     60.60 MB capacity,    59.51 MB ( 98%) used,   927.63 KB (  1%) free+waste,   185.69 KB ( <1%) overhead. 
      Class:      9.36 MB capacity,     8.75 MB ( 94%) used,   533.70 KB (  6%) free+waste,    87.25 KB ( <1%) overhead. 
       Both:     69.95 MB capacity,    68.26 MB ( 98%) used,     1.43 MB (  2%) free+waste,   272.94 KB ( <1%) overhead. 

Virtual space:
  Non-class space:       62.00 MB reserved,      60.75 MB ( 98%) committed 
      Class space:        1.00 GB reserved,       9.38 MB ( <1%) committed 
             Both:        1.06 GB reserved,      70.13 MB (  6%) committed 

Chunk freelists:
   Non-Class:  30.00 KB
       Class:  20.00 KB
        Both:  50.00 KB

MaxMetaspaceSize: 17179869184.00 GB
CompressedClassSpaceSize: 1.00 GB
Initial GC threshold: 20.80 MB
Current GC threshold: 108.96 MB
CDS: off

CodeHeap 'non-profiled nmethods': size=120064Kb used=4595Kb max_used=4595Kb free=115468Kb
 bounds [0x0000020407ac0000, 0x0000020407f40000, 0x000002040f000000]
CodeHeap 'profiled nmethods': size=120000Kb used=15715Kb max_used=15715Kb free=104285Kb
 bounds [0x0000020400590000, 0x00000204014f0000, 0x0000020407ac0000]
CodeHeap 'non-nmethods': size=5696Kb used=2347Kb max_used=2371Kb free=3348Kb
 bounds [0x0000020400000000, 0x0000020400270000, 0x0000020400590000]
 total_blobs=8142 nmethods=7278 adapters=776
 compilation: enabled
              stopped_count=0, restarted_count=0
 full_count=0

Compilation events (20 events):
Event: 263.691 Thread 0x000002047edfa000 nmethod 7268 0x00000204014da090 code [0x00000204014da340, 0x00000204014db398]
Event: 263.696 Thread 0x000002047edfa000 7269       3       org.objectweb.asm.SymbolTable::addConstantUtf8 (98 bytes)
Event: 263.697 Thread 0x000002047edfa000 nmethod 7269 0x00000204014db990 code [0x00000204014dbbe0, 0x00000204014dc278]
Event: 263.697 Thread 0x000002047edfa000 7270       3       org.objectweb.asm.ByteVector::putShort (52 bytes)
Event: 263.698 Thread 0x000002047edfa000 nmethod 7270 0x00000204014dc610 code [0x00000204014dc7e0, 0x00000204014dc9e8]
Event: 263.721 Thread 0x000002047edfa000 7271       1       org.gradle.internal.instantiation.generator.AbstractClassGenerator$PropertyMetadata::access$1300 (5 bytes)
Event: 263.722 Thread 0x000002047edfa000 nmethod 7271 0x0000020407f3af10 code [0x0000020407f3b0c0, 0x0000020407f3b158]
Event: 263.808 Thread 0x000002047edfa000 7272       3       sun.reflect.annotation.AnnotationParser::parseStringArray (85 bytes)
Event: 263.810 Thread 0x000002047edfa000 nmethod 7272 0x00000204014dcb10 code [0x00000204014dcda0, 0x00000204014dd888]
Event: 263.940 Thread 0x000002047edf7000 7273       4       java.util.TreeMap$ValueIterator::next (8 bytes)
Event: 263.950 Thread 0x000002047edf7000 nmethod 7273 0x0000020407f3b210 code [0x0000020407f3b3a0, 0x0000020407f3b658]
Event: 263.954 Thread 0x000002047edf7000 7274       4       java.lang.reflect.ProxyGenerator$ConstantPool::getClass (21 bytes)
Event: 263.957 Thread 0x000002047edf7000 nmethod 7274 0x0000020407f3b810 code [0x0000020407f3b9c0, 0x0000020407f3baf8]
Event: 263.959 Thread 0x000002047edf7000 7275       4       java.lang.reflect.Executable::getGenericParameterTypes (20 bytes)
Event: 263.977 Thread 0x000002047edf7000 nmethod 7275 0x0000020407f3bc90 code [0x0000020407f3be60, 0x0000020407f3c4d8]
Event: 263.980 Thread 0x000002047edfa000 7276       1       org.gradle.internal.instantiation.generator.AbstractClassGenerator::getRoleHandler (5 bytes)
Event: 263.980 Thread 0x000002047edfa000 nmethod 7276 0x0000020407f3c890 code [0x0000020407f3ca40, 0x0000020407f3caf8]
Event: 264.063 Thread 0x000002047edfa000 7277       3       jdk.internal.org.objectweb.asm.ClassReader::<init> (257 bytes)
Event: 264.065 Thread 0x000002047edfa000 nmethod 7277 0x00000204014ddd10 code [0x00000204014ddf40, 0x00000204014de9e8]
Event: 264.069 Thread 0x000002047edf7000 7278       4       sun.reflect.generics.parser.SignatureParser::parsePackageNameAndSimpleClassTypeSignature (119 bytes)

GC Heap History (20 events):
Event: 109.880 GC heap before
{Heap before GC invocations=10 (full 0):
 garbage-first heap   total 131072K, used 54528K [0x0000000080000000, 0x0000000100000000)
  region size 1024K, 23 young (23552K), 2 survivors (2048K)
 Metaspace       used 34919K, capacity 35796K, committed 35840K, reserved 1081344K
  class space    used 4645K, capacity 4988K, committed 4992K, reserved 1048576K
}
Event: 109.898 GC heap after
{Heap after GC invocations=11 (full 0):
 garbage-first heap   total 131072K, used 35394K [0x0000000080000000, 0x0000000100000000)
  region size 1024K, 3 young (3072K), 3 survivors (3072K)
 Metaspace       used 34919K, capacity 35796K, committed 35840K, reserved 1081344K
  class space    used 4645K, capacity 4988K, committed 4992K, reserved 1048576K
}
Event: 122.560 GC heap before
{Heap before GC invocations=12 (full 0):
 garbage-first heap   total 131072K, used 84546K [0x0000000080000000, 0x0000000100000000)
  region size 1024K, 49 young (50176K), 3 survivors (3072K)
 Metaspace       used 41204K, capacity 42299K, committed 42496K, reserved 1085440K
  class space    used 5229K, capacity 5616K, committed 5632K, reserved 1048576K
}
Event: 122.591 GC heap after
{Heap after GC invocations=13 (full 0):
 garbage-first heap   total 131072K, used 39725K [0x0000000080000000, 0x0000000100000000)
  region size 1024K, 7 young (7168K), 7 survivors (7168K)
 Metaspace       used 41204K, capacity 42299K, committed 42496K, reserved 1085440K
  class space    used 5229K, capacity 5616K, committed 5632K, reserved 1048576K
}
Event: 144.138 GC heap before
{Heap before GC invocations=13 (full 0):
 garbage-first heap   total 131072K, used 90925K [0x0000000080000000, 0x0000000100000000)
  region size 1024K, 54 young (55296K), 7 survivors (7168K)
 Metaspace       used 44621K, capacity 45814K, committed 45952K, reserved 1089536K
  class space    used 5741K, capacity 6181K, committed 6272K, reserved 1048576K
}
Event: 144.192 GC heap after
{Heap after GC invocations=14 (full 0):
 garbage-first heap   total 131072K, used 46796K [0x0000000080000000, 0x0000000100000000)
  region size 1024K, 4 young (4096K), 4 survivors (4096K)
 Metaspace       used 44621K, capacity 45814K, committed 45952K, reserved 1089536K
  class space    used 5741K, capacity 6181K, committed 6272K, reserved 1048576K
}
Event: 157.726 GC heap before
{Heap before GC invocations=14 (full 0):
 garbage-first heap   total 131072K, used 92876K [0x0000000080000000, 0x0000000100000000)
  region size 1024K, 49 young (50176K), 4 survivors (4096K)
 Metaspace       used 47513K, capacity 48790K, committed 49024K, reserved 1091584K
  class space    used 6043K, capacity 6487K, committed 6528K, reserved 1048576K
}
Event: 157.754 GC heap after
{Heap after GC invocations=15 (full 0):
 garbage-first heap   total 131072K, used 50099K [0x0000000080000000, 0x0000000100000000)
  region size 1024K, 7 young (7168K), 7 survivors (7168K)
 Metaspace       used 47513K, capacity 48790K, committed 49024K, reserved 1091584K
  class space    used 6043K, capacity 6487K, committed 6528K, reserved 1048576K
}
Event: 172.541 GC heap before
{Heap before GC invocations=15 (full 0):
 garbage-first heap   total 131072K, used 100275K [0x0000000080000000, 0x0000000100000000)
  region size 1024K, 52 young (53248K), 7 survivors (7168K)
 Metaspace       used 50722K, capacity 52038K, committed 52096K, reserved 1093632K
  class space    used 6559K, capacity 7036K, committed 7040K, reserved 1048576K
}
Event: 172.582 GC heap after
{Heap after GC invocations=16 (full 0):
 garbage-first heap   total 131072K, used 56792K [0x0000000080000000, 0x0000000100000000)
  region size 1024K, 6 young (6144K), 6 survivors (6144K)
 Metaspace       used 50722K, capacity 52038K, committed 52096K, reserved 1093632K
  class space    used 6559K, capacity 7036K, committed 7040K, reserved 1048576K
}
Event: 190.376 GC heap before
{Heap before GC invocations=16 (full 0):
 garbage-first heap   total 131072K, used 103896K [0x0000000080000000, 0x0000000100000000)
  region size 1024K, 49 young (50176K), 6 survivors (6144K)
 Metaspace       used 52859K, capacity 54253K, committed 54400K, reserved 1095680K
  class space    used 6776K, capacity 7292K, committed 7296K, reserved 1048576K
}
Event: 190.420 GC heap after
{Heap after GC invocations=17 (full 0):
 garbage-first heap   total 131072K, used 67810K [0x0000000080000000, 0x0000000100000000)
  region size 1024K, 7 young (7168K), 7 survivors (7168K)
 Metaspace       used 52859K, capacity 54253K, committed 54400K, reserved 1095680K
  class space    used 6776K, capacity 7292K, committed 7296K, reserved 1048576K
}
Event: 213.075 GC heap before
{Heap before GC invocations=17 (full 0):
 garbage-first heap   total 131072K, used 102626K [0x0000000080000000, 0x0000000100000000)
  region size 1024K, 41 young (41984K), 7 survivors (7168K)
 Metaspace       used 55660K, capacity 57135K, committed 57216K, reserved 1099776K
  class space    used 7210K, capacity 7741K, committed 7808K, reserved 1048576K
}
Event: 213.105 GC heap after
{Heap after GC invocations=18 (full 0):
 garbage-first heap   total 131072K, used 70115K [0x0000000080000000, 0x0000000100000000)
  region size 1024K, 2 young (2048K), 2 survivors (2048K)
 Metaspace       used 55660K, capacity 57135K, committed 57216K, reserved 1099776K
  class space    used 7210K, capacity 7741K, committed 7808K, reserved 1048576K
}
Event: 234.005 GC heap before
{Heap before GC invocations=19 (full 0):
 garbage-first heap   total 131072K, used 104931K [0x0000000080000000, 0x0000000100000000)
  region size 1024K, 36 young (36864K), 2 survivors (2048K)
 Metaspace       used 60059K, capacity 61695K, committed 61952K, reserved 1103872K
  class space    used 7745K, capacity 8343K, committed 8448K, reserved 1048576K
}
Event: 234.030 GC heap after
{Heap after GC invocations=20 (full 0):
 garbage-first heap   total 131072K, used 71933K [0x0000000080000000, 0x0000000100000000)
  region size 1024K, 4 young (4096K), 4 survivors (4096K)
 Metaspace       used 60059K, capacity 61695K, committed 61952K, reserved 1103872K
  class space    used 7745K, capacity 8343K, committed 8448K, reserved 1048576K
}
Event: 252.261 GC heap before
{Heap before GC invocations=20 (full 0):
 garbage-first heap   total 131072K, used 105725K [0x0000000080000000, 0x0000000100000000)
  region size 1024K, 37 young (37888K), 4 survivors (4096K)
 Metaspace       used 65056K, capacity 66718K, committed 66944K, reserved 1107968K
  class space    used 8337K, capacity 8967K, committed 9088K, reserved 1048576K
}
Event: 252.286 GC heap after
{Heap after GC invocations=21 (full 0):
 garbage-first heap   total 131072K, used 73305K [0x0000000080000000, 0x0000000100000000)
  region size 1024K, 4 young (4096K), 4 survivors (4096K)
 Metaspace       used 65056K, capacity 66718K, committed 66944K, reserved 1107968K
  class space    used 8337K, capacity 8967K, committed 9088K, reserved 1048576K
}
Event: 263.181 GC heap before
{Heap before GC invocations=22 (full 0):
 garbage-first heap   total 131072K, used 106073K [0x0000000080000000, 0x0000000100000000)
  region size 1024K, 37 young (37888K), 4 survivors (4096K)
 Metaspace       used 69074K, capacity 70833K, committed 71040K, reserved 1110016K
  class space    used 8856K, capacity 9510K, committed 9600K, reserved 1048576K
}
Event: 263.210 GC heap after
{Heap after GC invocations=23 (full 0):
 garbage-first heap   total 131072K, used 76368K [0x0000000080000000, 0x0000000100000000)
  region size 1024K, 5 young (5120K), 5 survivors (5120K)
 Metaspace       used 69074K, capacity 70833K, committed 71040K, reserved 1110016K
  class space    used 8856K, capacity 9510K, committed 9600K, reserved 1048576K
}

Deoptimization events (20 events):
Event: 261.534 Thread 0x000002047fa33800 DEOPT PACKING pc=0x00000204014b1f72 sp=0x000000b908df37b0
Event: 261.534 Thread 0x000002047fa33800 DEOPT UNPACKING pc=0x000002040004a93f sp=0x000000b908df2c28 mode 0
Event: 261.543 Thread 0x000002047fa33800 Uncommon trap: trap_request=0xffffff4d fr.pc=0x0000020407ebecb8 relative=0x00000000000005b8
Event: 261.543 Thread 0x000002047fa33800 Uncommon trap: reason=unstable_if action=reinterpret pc=0x0000020407ebecb8 method=java.util.LinkedHashMap.get(Ljava/lang/Object;)Ljava/lang/Object; @ 20 c2
Event: 261.543 Thread 0x000002047fa33800 DEOPT PACKING pc=0x0000020407ebecb8 sp=0x000000b908df3370
Event: 261.543 Thread 0x000002047fa33800 DEOPT UNPACKING pc=0x000002040004a1a9 sp=0x000000b908df3348 mode 2
Event: 261.803 Thread 0x000002047fa33800 DEOPT PACKING pc=0x00000204014a85b5 sp=0x000000b908df2ec0
Event: 261.803 Thread 0x000002047fa33800 DEOPT UNPACKING pc=0x000002040004a93f sp=0x000000b908df2340 mode 0
Event: 261.841 Thread 0x000002047fa33800 Uncommon trap: trap_request=0xffffffc6 fr.pc=0x0000020407ce8920 relative=0x0000000000002da0
Event: 261.841 Thread 0x000002047fa33800 Uncommon trap: reason=bimorphic_or_optimized_type_check action=maybe_recompile pc=0x0000020407ce8920 method=jdk.internal.loader.Resource.getBytes()[B @ 115 c2
Event: 261.841 Thread 0x000002047fa33800 DEOPT PACKING pc=0x0000020407ce8920 sp=0x000000b908df3af0
Event: 261.841 Thread 0x000002047fa33800 DEOPT UNPACKING pc=0x000002040004a1a9 sp=0x000000b908df3b00 mode 2
Event: 261.850 Thread 0x000002047fa33800 Uncommon trap: trap_request=0xffffffc6 fr.pc=0x0000020407ce8920 relative=0x0000000000002da0
Event: 261.850 Thread 0x000002047fa33800 Uncommon trap: reason=bimorphic_or_optimized_type_check action=maybe_recompile pc=0x0000020407ce8920 method=jdk.internal.loader.Resource.getBytes()[B @ 115 c2
Event: 261.850 Thread 0x000002047fa33800 DEOPT PACKING pc=0x0000020407ce8920 sp=0x000000b908df07b0
Event: 261.851 Thread 0x000002047fa33800 DEOPT UNPACKING pc=0x000002040004a1a9 sp=0x000000b908df07c0 mode 2
Event: 261.851 Thread 0x000002047fa33800 Uncommon trap: trap_request=0xffffff4d fr.pc=0x0000020407e05fbc relative=0x000000000000009c
Event: 261.851 Thread 0x000002047fa33800 Uncommon trap: reason=unstable_if action=reinterpret pc=0x0000020407e05fbc method=java.security.CodeSource.matchCerts(Ljava/security/CodeSource;Z)Z @ 11 c2
Event: 261.851 Thread 0x000002047fa33800 DEOPT PACKING pc=0x0000020407e05fbc sp=0x000000b908df0610
Event: 261.851 Thread 0x000002047fa33800 DEOPT UNPACKING pc=0x000002040004a1a9 sp=0x000000b908df05a8 mode 2

Classes redefined (0 events):
No events

Internal exceptions (20 events):
Event: 189.070 Thread 0x000002047fa33800 Exception <a 'java/lang/ClassNotFoundException'{0x0000000085912c68}: org/gradle/api/tasks/DeleteCustomizer> (0x0000000085912c68) thrown at [./src/hotspot/share/classfile/systemDictionary.cpp, line 231]
Event: 189.120 Thread 0x000002047fa33800 Exception <a 'java/lang/ClassNotFoundException'{0x0000000085954640}: org/gradle/api/tasks/Delete_DecoratedCustomizer> (0x0000000085954640) thrown at [./src/hotspot/share/classfile/systemDictionary.cpp, line 231]
Event: 189.930 Thread 0x000002047fa33800 Exception <a 'java/lang/NoSuchMethodError'{0x0000000085732a10}: 'void java.lang.invoke.DirectMethodHandle$Holder.invokeVirtual(java.lang.Object, java.lang.Object)'> (0x0000000085732a10) thrown at [./src/hotspot/share/interpreter/linkResolver.cpp, line 773]
Event: 209.559 Thread 0x000002047fa33800 Exception <a 'java/lang/NoSuchMethodError'{0x0000000086031d40}: 'void java.lang.invoke.DirectMethodHandle$Holder.invokeSpecialIFC(java.lang.Object, java.lang.Object, java.lang.Object)'> (0x0000000086031d40) thrown at [./src/hotspot/share/interpreter/linkResolver.cpp, line 773]
Event: 214.417 Thread 0x000002047fa33800 Exception <a 'java/lang/NoSuchMethodError'{0x0000000087c622b8}: 'int java.lang.invoke.DirectMethodHandle$Holder.invokeStatic(java.lang.Object, int, java.lang.Object, java.lang.Object)'> (0x0000000087c622b8) thrown at [./src/hotspot/share/interpreter/linkResolver.cpp, line 773]
Event: 222.692 Thread 0x000002047fa33800 Exception <a 'java/lang/ClassNotFoundException'{0x00000000876dfbd8}: build_6psub6yq0830ursqyi32fcalbBeanInfo> (0x00000000876dfbd8) thrown at [./src/hotspot/share/classfile/systemDictionary.cpp, line 231]
Event: 222.693 Thread 0x000002047fa33800 Exception <a 'java/lang/ClassNotFoundException'{0x00000000876eb8d8}: build_6psub6yq0830ursqyi32fcalbCustomizer> (0x00000000876eb8d8) thrown at [./src/hotspot/share/classfile/systemDictionary.cpp, line 231]
Event: 229.656 Thread 0x000002047fa33800 Exception <a 'java/lang/NoSuchMethodError'{0x0000000086a609a8}: 'java.lang.Object java.lang.invoke.DirectMethodHandle$Holder.invokeStatic(java.lang.Object, java.lang.Object, java.lang.Object, java.lang.Object, int)'> (0x0000000086a609a8) thrown at [./src/hotspot/share/interpreter/linkResolver.cpp, line 773]
Event: 229.664 Thread 0x000002047fa33800 Exception <a 'java/lang/NoSuchMethodError'{0x0000000086a653a0}: 'java.lang.Object java.lang.invoke.DirectMethodHandle$Holder.invokeSpecial(java.lang.Object, java.lang.Object, java.lang.Object, java.lang.Object, java.lang.Object, int)'> (0x0000000086a653a0) thrown at [./src/hotspot/share/interpreter/linkResolver.cpp, line 773]
Event: 229.666 Thread 0x000002047fa33800 Exception <a 'java/lang/NoSuchMethodError'{0x0000000086a699e0}: 'java.lang.Object java.lang.invoke.Invokers$Holder.linkToTargetMethod(java.lang.Object, java.lang.Object, java.lang.Object, int, java.lang.Object)'> (0x0000000086a699e0) thrown at [./src/hotspot/share/interpreter/linkResolver.cpp, line 773]
Event: 234.612 Thread 0x000002047fa33800 Exception <a 'java/lang/NoSuchMethodError'{0x0000000087c337f8}: 'java.lang.Object java.lang.invoke.DirectMethodHandle$Holder.invokeSpecial(java.lang.Object, java.lang.Object, int, int, java.lang.Object, java.lang.Object, java.lang.Object)'> (0x0000000087c337f8) thrown at [./src/hotspot/share/interpreter/linkResolver.cpp, line 773]
Event: 234.613 Thread 0x000002047fa33800 Exception <a 'java/lang/NoSuchMethodError'{0x0000000087c38020}: 'java.lang.Object java.lang.invoke.DelegatingMethodHandle$Holder.reinvoke_L(java.lang.Object, int, int, java.lang.Object, java.lang.Object, java.lang.Object)'> (0x0000000087c38020) thrown at [./src/hotspot/share/interpreter/linkResolver.cpp, line 773]
Event: 245.874 Thread 0x000002047fa33800 Exception <a 'java/lang/NoSuchMethodError'{0x0000000086f104f0}: 'int java.lang.invoke.DirectMethodHandle$Holder.invokeInterface(java.lang.Object, java.lang.Object, java.lang.Object, java.lang.Object)'> (0x0000000086f104f0) thrown at [./src/hotspot/share/interpreter/linkResolver.cpp, line 773]
Event: 252.032 Thread 0x000002047fa33800 Exception <a 'java/lang/NoSuchMethodError'{0x00000000860f16a8}: 'void java.lang.invoke.DirectMethodHandle$Holder.invokeInterface(java.lang.Object, java.lang.Object, java.lang.Object, java.lang.Object)'> (0x00000000860f16a8) thrown at [./src/hotspot/share/interpreter/linkResolver.cpp, line 773]
Event: 257.357 Thread 0x000002047fa33800 Exception <a 'java/lang/IncompatibleClassChangeError'{0x00000000878452b8}: Found class java.lang.Object, but interface was expected> (0x00000000878452b8) thrown at [./src/hotspot/share/interpreter/linkResolver.cpp, line 839]
Event: 258.366 Thread 0x000002047fa33800 Implicit null exception at 0x0000020407e05a54 to 0x0000020407e05bd0
Event: 258.366 Thread 0x000002047fa33800 Implicit null exception at 0x0000020407d4da44 to 0x0000020407d4f4d8
Event: 259.995 Thread 0x000002047fa33800 Implicit null exception at 0x0000020407bfb68b to 0x0000020407bfb764
Event: 260.691 Thread 0x000002047fa33800 Implicit null exception at 0x0000020407c7112c to 0x0000020407c7125a
Event: 262.323 Thread 0x000002047fa33800 Exception <a 'sun/nio/fs/WindowsException'{0x00000000862312f0}> (0x00000000862312f0) thrown at [./src/hotspot/share/prims/jni.cpp, line 615]

Events (20 events):
Event: 263.989 loading class com/google/common/collect/Sets$SetView
Event: 263.989 loading class com/google/common/collect/Sets$SetView done
Event: 263.991 loading class com/google/common/collect/Sets$2
Event: 263.991 loading class com/google/common/collect/Sets$2 done
Event: 263.992 loading class com/google/common/collect/Sets$3
Event: 263.992 loading class com/google/common/collect/Sets$3 done
Event: 263.994 loading class com/google/common/collect/Sets$4
Event: 263.994 loading class com/google/common/collect/Sets$4 done
Event: 263.995 loading class com/google/common/collect/Sets$1
Event: 263.995 loading class com/google/common/collect/Sets$1 done
Event: 264.058 loading class com/android/build/gradle/api/AnnotationProcessorOptions
Event: 264.058 loading class com/android/build/gradle/api/AnnotationProcessorOptions done
Event: 264.059 loading class com/android/build/gradle/internal/dsl/AnnotationProcessorOptions
Event: 264.059 loading class com/android/build/gradle/internal/dsl/AnnotationProcessorOptions done
Event: 264.060 loading class com/android/build/api/dsl/AnnotationProcessorOptions
Event: 264.060 loading class com/android/build/api/dsl/AnnotationProcessorOptions done
Event: 264.067 loading class org/gradle/process/CommandLineArgumentProvider
Event: 264.067 loading class org/gradle/process/CommandLineArgumentProvider done
Event: 264.067 loading class org/gradle/process/CommandLineArgumentProvider
Event: 264.067 loading class org/gradle/process/CommandLineArgumentProvider done


Dynamic libraries:
0x00007ff7cf970000 - 0x00007ff7cf97a000 	C:\Program Files\Android\Android Studio1\jre\bin\java.exe
0x00007ffdd58d0000 - 0x00007ffdd5ac5000 	C:\Windows\SYSTEM32\ntdll.dll
0x00007ffdd54b0000 - 0x00007ffdd556d000 	C:\Windows\System32\KERNEL32.DLL
0x00007ffdd32a0000 - 0x00007ffdd356d000 	C:\Windows\System32\KERNELBASE.dll
0x00007ffdd30c0000 - 0x00007ffdd31c0000 	C:\Windows\System32\ucrtbase.dll
0x00007ffdcb800000 - 0x00007ffdcb819000 	C:\Program Files\Android\Android Studio1\jre\bin\jli.dll
0x00007ffdd4000000 - 0x00007ffdd41a0000 	C:\Windows\System32\USER32.dll
0x00007ffdd31c0000 - 0x00007ffdd31e2000 	C:\Windows\System32\win32u.dll
0x00007ffdd5270000 - 0x00007ffdd529a000 	C:\Windows\System32\GDI32.dll
0x00007ffdd3810000 - 0x00007ffdd391b000 	C:\Windows\System32\gdi32full.dll
0x00007ffdd3770000 - 0x00007ffdd380d000 	C:\Windows\System32\msvcp_win.dll
0x00007ffdc2d70000 - 0x00007ffdc300a000 	C:\Windows\WinSxS\amd64_microsoft.windows.common-controls_6595b64144ccf1df_6.0.19041.1110_none_60b5254171f9507e\COMCTL32.dll
0x00007ffdd3d60000 - 0x00007ffdd3dfe000 	C:\Windows\System32\msvcrt.dll
0x00007ffdc9be0000 - 0x00007ffdc9bf7000 	C:\Program Files\Android\Android Studio1\jre\bin\VCRUNTIME140.dll
0x00007ffdd45b0000 - 0x00007ffdd45e0000 	C:\Windows\System32\IMM32.DLL
0x00007ffdba7a0000 - 0x00007ffdba83d000 	C:\Program Files\Android\Android Studio1\jre\bin\msvcp140.dll
0x00007ffda32e0000 - 0x00007ffda3dc5000 	C:\Program Files\Android\Android Studio1\jre\bin\server\jvm.dll
0x00007ffdd4500000 - 0x00007ffdd45ae000 	C:\Windows\System32\ADVAPI32.dll
0x00007ffdd5640000 - 0x00007ffdd56dc000 	C:\Windows\System32\sechost.dll
0x00007ffdd3920000 - 0x00007ffdd3a45000 	C:\Windows\System32\RPCRT4.dll
0x00007ffdd3f60000 - 0x00007ffdd3f68000 	C:\Windows\System32\PSAPI.DLL
0x00007ffdbdcb0000 - 0x00007ffdbdcb9000 	C:\Windows\SYSTEM32\WSOCK32.dll
0x00007ffdd55d0000 - 0x00007ffdd563b000 	C:\Windows\System32\WS2_32.dll
0x00007ffdbc650000 - 0x00007ffdbc677000 	C:\Windows\SYSTEM32\WINMM.dll
0x00007ffdc3d20000 - 0x00007ffdc3d2a000 	C:\Windows\SYSTEM32\VERSION.dll
0x00007ffdd0ee0000 - 0x00007ffdd0ef2000 	C:\Windows\SYSTEM32\kernel.appcore.dll
0x00007ffdcbbd0000 - 0x00007ffdcbbe1000 	C:\Program Files\Android\Android Studio1\jre\bin\verify.dll
0x00007ffdbf240000 - 0x00007ffdbf424000 	C:\Windows\SYSTEM32\DBGHELP.DLL
0x00007ffdbf210000 - 0x00007ffdbf23c000 	C:\Windows\SYSTEM32\dbgcore.DLL
0x00007ffdd3030000 - 0x00007ffdd30b2000 	C:\Windows\System32\bcryptPrimitives.dll
0x00007ffdcad30000 - 0x00007ffdcad59000 	C:\Program Files\Android\Android Studio1\jre\bin\java.dll
0x00007ffdceaf0000 - 0x00007ffdceafb000 	C:\Program Files\Android\Android Studio1\jre\bin\jimage.dll
0x00007ffdcad00000 - 0x00007ffdcad18000 	C:\Program Files\Android\Android Studio1\jre\bin\zip.dll
0x00007ffdd4b20000 - 0x00007ffdd5264000 	C:\Windows\System32\SHELL32.dll
0x00007ffdd10e0000 - 0x00007ffdd1874000 	C:\Windows\SYSTEM32\windows.storage.dll
0x00007ffdd41a0000 - 0x00007ffdd44f4000 	C:\Windows\System32\combase.dll
0x00007ffdd2970000 - 0x00007ffdd299c000 	C:\Windows\SYSTEM32\Wldp.dll
0x00007ffdd45e0000 - 0x00007ffdd468d000 	C:\Windows\System32\SHCORE.dll
0x00007ffdd3b80000 - 0x00007ffdd3bd5000 	C:\Windows\System32\shlwapi.dll
0x00007ffdd2f20000 - 0x00007ffdd2f3f000 	C:\Windows\SYSTEM32\profapi.dll
0x00007ffdc9fd0000 - 0x00007ffdc9fea000 	C:\Program Files\Android\Android Studio1\jre\bin\net.dll
0x00007ffdc4290000 - 0x00007ffdc439a000 	C:\Windows\SYSTEM32\WINHTTP.dll
0x00007ffdd26d0000 - 0x00007ffdd273a000 	C:\Windows\system32\mswsock.dll
0x00007ffdc9ef0000 - 0x00007ffdc9f04000 	C:\Program Files\Android\Android Studio1\jre\bin\nio.dll
0x00007ffdca7b0000 - 0x00007ffdca7d7000 	C:\Users\panta\.gradle\native\e1d6ef7f7dcc3fd88c89a11ec53ec762bb8ba0a96d01ffa2cd45eb1d1d8dd5c5\windows-amd64\native-platform.dll
0x00007ffdaeb90000 - 0x00007ffdaecd4000 	C:\Users\panta\.gradle\native\5664cfc778a61ccfe75a443a1ab52a65af34e5dc3c78e0209fed803814484fcb\windows-amd64\native-platform-file-events.dll
0x00007ffdcea60000 - 0x00007ffdcea6a000 	C:\Program Files\Android\Android Studio1\jre\bin\management.dll
0x00007ffdce9e0000 - 0x00007ffdce9ed000 	C:\Program Files\Android\Android Studio1\jre\bin\management_ext.dll
0x00007ffdd28d0000 - 0x00007ffdd28e8000 	C:\Windows\SYSTEM32\CRYPTSP.dll
0x00007ffdd2050000 - 0x00007ffdd2084000 	C:\Windows\system32\rsaenh.dll
0x00007ffdd35e0000 - 0x00007ffdd3607000 	C:\Windows\System32\bcrypt.dll
0x00007ffdd2ea0000 - 0x00007ffdd2ece000 	C:\Windows\SYSTEM32\USERENV.dll
0x00007ffdd28c0000 - 0x00007ffdd28cc000 	C:\Windows\SYSTEM32\CRYPTBASE.dll
0x00007ffdd23c0000 - 0x00007ffdd23fb000 	C:\Windows\SYSTEM32\IPHLPAPI.DLL
0x00007ffdd3e20000 - 0x00007ffdd3e28000 	C:\Windows\System32\NSI.dll
0x00007ffdc41e0000 - 0x00007ffdc41f7000 	C:\Windows\SYSTEM32\dhcpcsvc6.DLL
0x00007ffdc4810000 - 0x00007ffdc482d000 	C:\Windows\SYSTEM32\dhcpcsvc.DLL
0x00007ffdd2400000 - 0x00007ffdd24cb000 	C:\Windows\SYSTEM32\DNSAPI.dll

dbghelp: loaded successfully - version: 4.0.5 - missing functions: none
symbol engine: initialized successfully - sym options: 0x614 - pdb path: .;C:\Program Files\Android\Android Studio1\jre\bin;C:\Windows\SYSTEM32;C:\Windows\WinSxS\amd64_microsoft.windows.common-controls_6595b64144ccf1df_6.0.19041.1110_none_60b5254171f9507e;C:\Program Files\Android\Android Studio1\jre\bin\server;C:\Users\panta\.gradle\native\e1d6ef7f7dcc3fd88c89a11ec53ec762bb8ba0a96d01ffa2cd45eb1d1d8dd5c5\windows-amd64;C:\Users\panta\.gradle\native\5664cfc778a61ccfe75a443a1ab52a65af34e5dc3c78e0209fed803814484fcb\windows-amd64

VM Arguments:
jvm_args: --add-opens=java.base/java.util=ALL-UNNAMED --add-opens=java.base/java.lang=ALL-UNNAMED --add-opens=java.base/java.lang.invoke=ALL-UNNAMED --add-opens=java.base/java.util=ALL-UNNAMED --add-opens=java.prefs/java.util.prefs=ALL-UNNAMED --add-opens=java.prefs/java.util.prefs=ALL-UNNAMED --add-opens=java.base/java.nio.charset=ALL-UNNAMED --add-opens=java.base/java.net=ALL-UNNAMED --add-opens=java.base/java.util.concurrent.atomic=ALL-UNNAMED -Xmx2048m -Dfile.encoding=UTF-8 -Duser.country=GB -Duser.language=en -Duser.variant 
java_command: org.gradle.launcher.daemon.bootstrap.GradleDaemon 7.3.3
java_class_path (initial): C:\Users\panta\.gradle\wrapper\dists\gradle-7.3.3-bin\6a41zxkdtcxs8rphpq6y0069z\gradle-7.3.3\lib\gradle-launcher-7.3.3.jar
Launcher Type: SUN_STANDARD

[Global flags]
     intx CICompilerCount                          = 2                                         {product} {ergonomic}
     uint ConcGCThreads                            = 1                                         {product} {ergonomic}
     uint G1ConcRefinementThreads                  = 2                                         {product} {ergonomic}
   size_t G1HeapRegionSize                         = 1048576                                   {product} {ergonomic}
    uintx GCDrainStackTargetSize                   = 64                                        {product} {ergonomic}
   size_t InitialHeapSize                          = 134217728                                 {product} {ergonomic}
   size_t MarkStackSize                            = 4194304                                   {product} {ergonomic}
   size_t MaxHeapSize                              = 2147483648                                {product} {command line}
   size_t MaxNewSize                               = 1287651328                                {product} {ergonomic}
   size_t MinHeapDeltaBytes                        = 1048576                                   {product} {ergonomic}
    uintx NonNMethodCodeHeapSize                   = 5825164                                {pd product} {ergonomic}
    uintx NonProfiledCodeHeapSize                  = 122916538                              {pd product} {ergonomic}
    uintx ProfiledCodeHeapSize                     = 122916538                              {pd product} {ergonomic}
    uintx ReservedCodeCacheSize                    = 251658240                              {pd product} {ergonomic}
     bool SegmentedCodeCache                       = true                                      {product} {ergonomic}
     bool UseCompressedClassPointers               = true                                 {lp64_product} {ergonomic}
     bool UseCompressedOops                        = true                                 {lp64_product} {ergonomic}
     bool UseG1GC                                  = true                                      {product} {ergonomic}
     bool UseLargePagesIndividualAllocation        = false                                  {pd product} {ergonomic}

Logging:
Log output configuration:
 #0: stdout all=warning uptime,level,tags
 #1: stderr all=off uptime,level,tags

Environment Variables:
PATH=C:\Program Files\Common Files\Oracle\Java\javapath;C:\Program Files (x86)\Common Files\Oracle\Java\javapath;C:\Windows\system32;C:\Windows;C:\Windows\System32\Wbem;C:\Windows\System32\WindowsPowerShell\v1.0\;C:\Windows\System32\OpenSSH\;C:\Program Files (x86)\jdk-14.0.2\bin;C:\openlogic-openjdk-8u262-b10-win-64\bin;C:\Program Files\dotnet\;C:\Program Files\Microsoft SQL Server\130\Tools\Binn\;C:\Program Files\Microsoft SQL Server\Client SDK\ODBC\170\Tools\Binn\;C:\Program Files\MySQL\MySQL Shell 8.0\bin\;C:\Users\panta\AppData\Local\Microsoft\WindowsApps;C:\Users\panta\.dotnet\tools;C:\Program Files\swipl\bin;C:\Program Files\Java\jdk-17.0.2\bin;C:\Program Files\Java\bellsoft-jdk17.0.2+9-windows-i586-full\jdk-17.0.2-full\bin;
USERNAME=panta
OS=Windows_NT
PROCESSOR_IDENTIFIER=Intel64 Family 6 Model 76 Stepping 4, GenuineIntel



---------------  S Y S T E M  ---------------

OS: Windows 10 , 64 bit Build 19041 (10.0.19041.1706)
OS uptime: 12 days 8:57 hours

CPU:total 2 (initial active 2) (2 cores per cpu, 1 threads per core) family 6 model 76 stepping 4 microcode 0x411, cmov, cx8, fxsr, mmx, sse, sse2, sse3, ssse3, sse4.1, sse4.2, popcnt, aes, clmul, erms, 3dnowpref, tsc, tscinvbit

Memory: 4k page, system-wide physical 8104M (304M free)
TotalPageFile size 14248M (AvailPageFile size 2M)
current process WorkingSet (physical memory assigned to process): 326M, peak: 326M
current process commit charge ("private bytes"): 351M, peak: 351M

vm_info: OpenJDK 64-Bit Server VM (11.0.12+7-b1504.28-7817840) for windows-amd64 JRE (11.0.12+7-b1504.28-7817840), built on Oct 13 2021 22:12:33 by "builder" with MS VC++ 14.0 (VS2015)

END.
